<?xml version="1.0" encoding="UTF-8"?>
<!-- Generated by org.testng.reporters.JUnitXMLReporter -->
<testsuite hostname="Ashitosh_Lappy" name="Test" tests="1" failures="0" timestamp="18 Jan 2018 17:33:56 GMT" time="94.37" errors="0">
  <testcase name="@BeforeTest beforeClass" time="0.0" classname="TestScript.Main_Test">
    <failure type="org.openqa.selenium.WebDriverException" message="Failed to connect to binary FirefoxBinary(C:\Program Files (x86)\Mozilla Firefox\firefox.exe) on port 7055; process output follows: 
,&amp;quot;contributors&amp;quot;:[&amp;quot;Mozilla Contributors&amp;quot;]},&amp;quot;visible&amp;quot;:true,&amp;quot;active&amp;quot;:true,&amp;quot;userDisabled&amp;quot;:false,&amp;quot;appDisabled&amp;quot;:false,&amp;quot;descriptor&amp;quot;:&amp;quot;C:\\Program Files (x86)\\Mozilla Firefox\\browser\\extensions\\{972ce4c6-7e08-4474-a285-3208198ce6fd}.xpi&amp;quot;,&amp;quot;installDate&amp;quot;:1478270500639,&amp;quot;updateDate&amp;quot;:1478270500639,&amp;quot;applyBackgroundUpdates&amp;quot;:1,&amp;quot;skinnable&amp;quot;:true,&amp;quot;size&amp;quot;:22012,&amp;quot;sourceURI&amp;quot;:null,&amp;quot;releaseNotesURI&amp;quot;:null,&amp;quot;softDisabled&amp;quot;:false,&amp;quot;foreignInstall&amp;quot;:false,&amp;quot;hasBinaryComponents&amp;quot;:false,&amp;quot;strictCompatibility&amp;quot;:true,&amp;quot;locales&amp;quot;:[],&amp;quot;targetApplications&amp;quot;:[{&amp;quot;id&amp;quot;:&amp;quot;{ec8030f7-c20a-464f-9b0e-13a3a9e97384}&amp;quot;,&amp;quot;minVersion&amp;quot;:&amp;quot;47.0.2&amp;quot;,&amp;quot;maxVersion&amp;quot;:&amp;quot;47.0.2&amp;quot;}],&amp;quot;targetPlatforms&amp;quot;:[],&amp;quot;seen&amp;quot;:true}
1516296791956	addons.xpi	DEBUG	getModTime: Recursive scan of {972ce4c6-7e08-4474-a285-3208198ce6fd}
1516296791960	DeferredSave.extensions.json	DEBUG	Save changes
1516296791960	addons.xpi	DEBUG	Updating database with changes to installed add-ons
1516296791960	addons.xpi-utils	DEBUG	Updating add-on states
1516296791964	addons.xpi-utils	DEBUG	Writing add-ons list
1516296791976	addons.xpi	DEBUG	Registering manifest for C:\Program Files (x86)\Mozilla Firefox\browser\features\e10srollout@mozilla.org.xpi
1516296791977	addons.xpi	DEBUG	Calling bootstrap method startup on e10srollout@mozilla.org version 1.0
1516296791977	addons.xpi	DEBUG	Registering manifest for C:\Program Files (x86)\Mozilla Firefox\browser\features\firefox@getpocket.com.xpi
1516296791979	addons.xpi	DEBUG	Calling bootstrap method startup on firefox@getpocket.com version 1.0.2
1516296791981	addons.xpi	DEBUG	Registering manifest for C:\Program Files (x86)\Mozilla Firefox\browser\features\loop@mozilla.org.xpi
1516296791982	addons.xpi	DEBUG	Calling bootstrap method startup on loop@mozilla.org version 1.3.2
1516296792025	addons.xpi	DEBUG	Registering manifest for C:\Program Files (x86)\Mozilla Firefox\browser\features\websensehelper@mozilla.org.xpi
1516296792026	addons.xpi	DEBUG	Calling bootstrap method startup on websensehelper@mozilla.org version 1.0
1516296792034	addons.manager	DEBUG	Registering shutdown blocker for XPIProvider
1516296792034	addons.manager	DEBUG	Provider finished startup: XPIProvider
1516296792034	addons.manager	DEBUG	Starting provider: LightweightThemeManager
1516296792035	addons.manager	DEBUG	Registering shutdown blocker for LightweightThemeManager
1516296792035	addons.manager	DEBUG	Provider finished startup: LightweightThemeManager
1516296792036	addons.manager	DEBUG	Starting provider: GMPProvider
1516296792052	addons.manager	DEBUG	Registering shutdown blocker for GMPProvider
1516296792053	addons.manager	DEBUG	Provider finished startup: GMPProvider
1516296792054	addons.manager	DEBUG	Starting provider: PluginProvider
1516296792054	addons.manager	DEBUG	Registering shutdown blocker for PluginProvider
1516296792060	addons.manager	DEBUG	Provider finished startup: PluginProvider
1516296792061	addons.manager	DEBUG	Completed startup sequence
1516296794147	addons.manager	DEBUG	Starting provider: &amp;lt;unnamed-provider&amp;gt;
1516296794147	addons.manager	DEBUG	Registering shutdown blocker for &amp;lt;unnamed-provider&amp;gt;
1516296794147	addons.manager	DEBUG	Provider finished startup: &amp;lt;unnamed-provider&amp;gt;
1516296794775	DeferredSave.extensions.json	DEBUG	Write succeeded
1516296794777	addons.xpi-utils	DEBUG	XPI Database saved, setting schema version preference to 17
1516296794777	DeferredSave.extensions.json	DEBUG	Starting timer
1516296794804	DeferredSave.extensions.json	DEBUG	Starting write
1516296794844	addons.repository	DEBUG	No addons.json found.
1516296794845	DeferredSave.addons.json	DEBUG	Save changes
1516296794855	DeferredSave.addons.json	DEBUG	Starting timer
1516296795103	addons.manager	DEBUG	Starting provider: PreviousExperimentProvider
1516296795104	addons.manager	DEBUG	Registering shutdown blocker for PreviousExperimentProvider
1516296795104	addons.manager	DEBUG	Provider finished startup: PreviousExperimentProvider
1516296795115	DeferredSave.addons.json	DEBUG	Starting write
1516296795135	DeferredSave.extensions.json	DEBUG	Write succeeded
1516296795253	DeferredSave.addons.json	DEBUG	Write succeeded

Build info: version: &amp;apos;2.53.0&amp;apos;, revision: &amp;apos;35ae25b&amp;apos;, time: &amp;apos;2016-03-15 16:57:40&amp;apos;
System info: host: &amp;apos;Ashitosh_Lappy&amp;apos;, ip: &amp;apos;192.168.60.1&amp;apos;, os.name: &amp;apos;Windows 8&amp;apos;, os.arch: &amp;apos;amd64&amp;apos;, os.version: &amp;apos;6.2&amp;apos;, java.version: &amp;apos;1.8.0_77&amp;apos;
Driver info: driver.version: FirefoxDriver">
      <![CDATA[org.openqa.selenium.WebDriverException: Failed to connect to binary FirefoxBinary(C:\Program Files (x86)\Mozilla Firefox\firefox.exe) on port 7055; process output follows: 
,"contributors":["Mozilla Contributors"]},"visible":true,"active":true,"userDisabled":false,"appDisabled":false,"descriptor":"C:\\Program Files (x86)\\Mozilla Firefox\\browser\\extensions\\{972ce4c6-7e08-4474-a285-3208198ce6fd}.xpi","installDate":1478270500639,"updateDate":1478270500639,"applyBackgroundUpdates":1,"skinnable":true,"size":22012,"sourceURI":null,"releaseNotesURI":null,"softDisabled":false,"foreignInstall":false,"hasBinaryComponents":false,"strictCompatibility":true,"locales":[],"targetApplications":[{"id":"{ec8030f7-c20a-464f-9b0e-13a3a9e97384}","minVersion":"47.0.2","maxVersion":"47.0.2"}],"targetPlatforms":[],"seen":true}
1516296791956	addons.xpi	DEBUG	getModTime: Recursive scan of {972ce4c6-7e08-4474-a285-3208198ce6fd}
1516296791960	DeferredSave.extensions.json	DEBUG	Save changes
1516296791960	addons.xpi	DEBUG	Updating database with changes to installed add-ons
1516296791960	addons.xpi-utils	DEBUG	Updating add-on states
1516296791964	addons.xpi-utils	DEBUG	Writing add-ons list
1516296791976	addons.xpi	DEBUG	Registering manifest for C:\Program Files (x86)\Mozilla Firefox\browser\features\e10srollout@mozilla.org.xpi
1516296791977	addons.xpi	DEBUG	Calling bootstrap method startup on e10srollout@mozilla.org version 1.0
1516296791977	addons.xpi	DEBUG	Registering manifest for C:\Program Files (x86)\Mozilla Firefox\browser\features\firefox@getpocket.com.xpi
1516296791979	addons.xpi	DEBUG	Calling bootstrap method startup on firefox@getpocket.com version 1.0.2
1516296791981	addons.xpi	DEBUG	Registering manifest for C:\Program Files (x86)\Mozilla Firefox\browser\features\loop@mozilla.org.xpi
1516296791982	addons.xpi	DEBUG	Calling bootstrap method startup on loop@mozilla.org version 1.3.2
1516296792025	addons.xpi	DEBUG	Registering manifest for C:\Program Files (x86)\Mozilla Firefox\browser\features\websensehelper@mozilla.org.xpi
1516296792026	addons.xpi	DEBUG	Calling bootstrap method startup on websensehelper@mozilla.org version 1.0
1516296792034	addons.manager	DEBUG	Registering shutdown blocker for XPIProvider
1516296792034	addons.manager	DEBUG	Provider finished startup: XPIProvider
1516296792034	addons.manager	DEBUG	Starting provider: LightweightThemeManager
1516296792035	addons.manager	DEBUG	Registering shutdown blocker for LightweightThemeManager
1516296792035	addons.manager	DEBUG	Provider finished startup: LightweightThemeManager
1516296792036	addons.manager	DEBUG	Starting provider: GMPProvider
1516296792052	addons.manager	DEBUG	Registering shutdown blocker for GMPProvider
1516296792053	addons.manager	DEBUG	Provider finished startup: GMPProvider
1516296792054	addons.manager	DEBUG	Starting provider: PluginProvider
1516296792054	addons.manager	DEBUG	Registering shutdown blocker for PluginProvider
1516296792060	addons.manager	DEBUG	Provider finished startup: PluginProvider
1516296792061	addons.manager	DEBUG	Completed startup sequence
1516296794147	addons.manager	DEBUG	Starting provider: <unnamed-provider>
1516296794147	addons.manager	DEBUG	Registering shutdown blocker for <unnamed-provider>
1516296794147	addons.manager	DEBUG	Provider finished startup: <unnamed-provider>
1516296794775	DeferredSave.extensions.json	DEBUG	Write succeeded
1516296794777	addons.xpi-utils	DEBUG	XPI Database saved, setting schema version preference to 17
1516296794777	DeferredSave.extensions.json	DEBUG	Starting timer
1516296794804	DeferredSave.extensions.json	DEBUG	Starting write
1516296794844	addons.repository	DEBUG	No addons.json found.
1516296794845	DeferredSave.addons.json	DEBUG	Save changes
1516296794855	DeferredSave.addons.json	DEBUG	Starting timer
1516296795103	addons.manager	DEBUG	Starting provider: PreviousExperimentProvider
1516296795104	addons.manager	DEBUG	Registering shutdown blocker for PreviousExperimentProvider
1516296795104	addons.manager	DEBUG	Provider finished startup: PreviousExperimentProvider
1516296795115	DeferredSave.addons.json	DEBUG	Starting write
1516296795135	DeferredSave.extensions.json	DEBUG	Write succeeded
1516296795253	DeferredSave.addons.json	DEBUG	Write succeeded

Build info: version: '2.53.0', revision: '35ae25b', time: '2016-03-15 16:57:40'
System info: host: 'Ashitosh_Lappy', ip: '192.168.60.1', os.name: 'Windows 8', os.arch: 'amd64', os.version: '6.2', java.version: '1.8.0_77'
Driver info: driver.version: FirefoxDriver
	at org.openqa.selenium.firefox.internal.NewProfileExtensionConnection.start(NewProfileExtensionConnection.java:124)
	at org.openqa.selenium.firefox.FirefoxDriver.startClient(FirefoxDriver.java:271)
	at org.openqa.selenium.remote.RemoteWebDriver.<init>(RemoteWebDriver.java:119)
	at org.openqa.selenium.firefox.FirefoxDriver.<init>(FirefoxDriver.java:218)
	at org.openqa.selenium.firefox.FirefoxDriver.<init>(FirefoxDriver.java:211)
	at org.openqa.selenium.firefox.FirefoxDriver.<init>(FirefoxDriver.java:207)
	at org.openqa.selenium.firefox.FirefoxDriver.<init>(FirefoxDriver.java:120)
	at TestScript.Main_Test.beforeClass(Main_Test.java:41)
Caused by: org.openqa.selenium.firefox.NotConnectedException: Unable to connect to host 127.0.0.1 on port 7055 after 45000 ms. Firefox console output:
,"contributors":["Mozilla Contributors"]},"visible":true,"active":true,"userDisabled":false,"appDisabled":false,"descriptor":"C:\\Program Files (x86)\\Mozilla Firefox\\browser\\extensions\\{972ce4c6-7e08-4474-a285-3208198ce6fd}.xpi","installDate":1478270500639,"updateDate":1478270500639,"applyBackgroundUpdates":1,"skinnable":true,"size":22012,"sourceURI":null,"releaseNotesURI":null,"softDisabled":false,"foreignInstall":false,"hasBinaryComponents":false,"strictCompatibility":true,"locales":[],"targetApplications":[{"id":"{ec8030f7-c20a-464f-9b0e-13a3a9e97384}","minVersion":"47.0.2","maxVersion":"47.0.2"}],"targetPlatforms":[],"seen":true}
1516296791956	addons.xpi	DEBUG	getModTime: Recursive scan of {972ce4c6-7e08-4474-a285-3208198ce6fd}
1516296791960	DeferredSave.extensions.json	DEBUG	Save changes
1516296791960	addons.xpi	DEBUG	Updating database with changes to installed add-ons
1516296791960	addons.xpi-utils	DEBUG	Updating add-on states
1516296791964	addons.xpi-utils	DEBUG	Writing add-ons list
1516296791976	addons.xpi	DEBUG	Registering manifest for C:\Program Files (x86)\Mozilla Firefox\browser\features\e10srollout@mozilla.org.xpi
1516296791977	addons.xpi	DEBUG	Calling bootstrap method startup on e10srollout@mozilla.org version 1.0
1516296791977	addons.xpi	DEBUG	Registering manifest for C:\Program Files (x86)\Mozilla Firefox\browser\features\firefox@getpocket.com.xpi
1516296791979	addons.xpi	DEBUG	Calling bootstrap method startup on firefox@getpocket.com version 1.0.2
1516296791981	addons.xpi	DEBUG	Registering manifest for C:\Program Files (x86)\Mozilla Firefox\browser\features\loop@mozilla.org.xpi
1516296791982	addons.xpi	DEBUG	Calling bootstrap method startup on loop@mozilla.org version 1.3.2
1516296792025	addons.xpi	DEBUG	Registering manifest for C:\Program Files (x86)\Mozilla Firefox\browser\features\websensehelper@mozilla.org.xpi
1516296792026	addons.xpi	DEBUG	Calling bootstrap method startup on websensehelper@mozilla.org version 1.0
1516296792034	addons.manager	DEBUG	Registering shutdown blocker for XPIProvider
1516296792034	addons.manager	DEBUG	Provider finished startup: XPIProvider
1516296792034	addons.manager	DEBUG	Starting provider: LightweightThemeManager
1516296792035	addons.manager	DEBUG	Registering shutdown blocker for LightweightThemeManager
1516296792035	addons.manager	DEBUG	Provider finished startup: LightweightThemeManager
1516296792036	addons.manager	DEBUG	Starting provider: GMPProvider
1516296792052	addons.manager	DEBUG	Registering shutdown blocker for GMPProvider
1516296792053	addons.manager	DEBUG	Provider finished startup: GMPProvider
1516296792054	addons.manager	DEBUG	Starting provider: PluginProvider
1516296792054	addons.manager	DEBUG	Registering shutdown blocker for PluginProvider
1516296792060	addons.manager	DEBUG	Provider finished startup: PluginProvider
1516296792061	addons.manager	DEBUG	Completed startup sequence
1516296794147	addons.manager	DEBUG	Starting provider: <unnamed-provider>
1516296794147	addons.manager	DEBUG	Registering shutdown blocker for <unnamed-provider>
1516296794147	addons.manager	DEBUG	Provider finished startup: <unnamed-provider>
1516296794775	DeferredSave.extensions.json	DEBUG	Write succeeded
1516296794777	addons.xpi-utils	DEBUG	XPI Database saved, setting schema version preference to 17
1516296794777	DeferredSave.extensions.json	DEBUG	Starting timer
1516296794804	DeferredSave.extensions.json	DEBUG	Starting write
1516296794844	addons.repository	DEBUG	No addons.json found.
1516296794845	DeferredSave.addons.json	DEBUG	Save changes
1516296794855	DeferredSave.addons.json	DEBUG	Starting timer
1516296795103	addons.manager	DEBUG	Starting provider: PreviousExperimentProvider
1516296795104	addons.manager	DEBUG	Registering shutdown blocker for PreviousExperimentProvider
1516296795104	addons.manager	DEBUG	Provider finished startup: PreviousExperimentProvider
1516296795115	DeferredSave.addons.json	DEBUG	Starting write
1516296795135	DeferredSave.extensions.json	DEBUG	Write succeeded
1516296795253	DeferredSave.addons.json	DEBUG	Write succeeded

	at org.openqa.selenium.firefox.internal.NewProfileExtensionConnection.start(NewProfileExtensionConnection.java:112)
	... 29 more
... Removed 22 stack frames]]>
    </failure>
  </testcase> <!-- @BeforeTest beforeClass -->
  <testcase name="@AfterTest afterClass" time="0.0" classname="TestScript.Main_Test">
    <skipped/>
  </testcase> <!-- @AfterTest afterClass -->
  <testcase name="POM_Test" time="0.008" classname="TestScript.Main_Test">
    <skipped/>
  </testcase> <!-- POM_Test -->
</testsuite> <!-- Test -->
