<?xml version="1.0" encoding="UTF-8"?>
<testng-results skipped="1" failed="0" total="1" passed="0">
  <reporter-output>
  </reporter-output>
  <suite name="Default suite" duration-ms="49492" started-at="2018-01-18T17:37:36Z" finished-at="2018-01-18T17:38:25Z">
    <groups>
    </groups>
    <test name="Default test" duration-ms="49492" started-at="2018-01-18T17:37:36Z" finished-at="2018-01-18T17:38:25Z">
      <class name="TestScript.Main_Test">
        <test-method status="FAIL" signature="beforeClass()[pri:0, instance:TestScript.Main_Test@14acaea5]" name="beforeClass" is-config="true" duration-ms="0" started-at="2018-01-18T23:07:36Z" finished-at="2018-01-18T23:07:36Z">
          <exception class="org.openqa.selenium.WebDriverException">
            <message>
              <![CDATA[Failed to connect to binary FirefoxBinary(C:\Program Files (x86)\Mozilla Firefox\firefox.exe) on port 7055; process output follows: 
,"contributors":["Mozilla Contributors"]},"visible":true,"active":true,"userDisabled":false,"appDisabled":false,"descriptor":"C:\\Program Files (x86)\\Mozilla Firefox\\browser\\extensions\\{972ce4c6-7e08-4474-a285-3208198ce6fd}.xpi","installDate":1478270500639,"updateDate":1478270500639,"applyBackgroundUpdates":1,"skinnable":true,"size":22012,"sourceURI":null,"releaseNotesURI":null,"softDisabled":false,"foreignInstall":false,"hasBinaryComponents":false,"strictCompatibility":true,"locales":[],"targetApplications":[{"id":"{ec8030f7-c20a-464f-9b0e-13a3a9e97384}","minVersion":"47.0.2","maxVersion":"47.0.2"}],"targetPlatforms":[],"seen":true}
1516297061427	addons.xpi	DEBUG	getModTime: Recursive scan of {972ce4c6-7e08-4474-a285-3208198ce6fd}
1516297061431	DeferredSave.extensions.json	DEBUG	Save changes
1516297061431	addons.xpi	DEBUG	Updating database with changes to installed add-ons
1516297061431	addons.xpi-utils	DEBUG	Updating add-on states
1516297061435	addons.xpi-utils	DEBUG	Writing add-ons list
1516297061447	addons.xpi	DEBUG	Registering manifest for C:\Program Files (x86)\Mozilla Firefox\browser\features\e10srollout@mozilla.org.xpi
1516297061448	addons.xpi	DEBUG	Calling bootstrap method startup on e10srollout@mozilla.org version 1.0
1516297061448	addons.xpi	DEBUG	Registering manifest for C:\Program Files (x86)\Mozilla Firefox\browser\features\firefox@getpocket.com.xpi
1516297061449	addons.xpi	DEBUG	Calling bootstrap method startup on firefox@getpocket.com version 1.0.2
1516297061451	addons.xpi	DEBUG	Registering manifest for C:\Program Files (x86)\Mozilla Firefox\browser\features\loop@mozilla.org.xpi
1516297061453	addons.xpi	DEBUG	Calling bootstrap method startup on loop@mozilla.org version 1.3.2
1516297061500	addons.xpi	DEBUG	Registering manifest for C:\Program Files (x86)\Mozilla Firefox\browser\features\websensehelper@mozilla.org.xpi
1516297061501	addons.xpi	DEBUG	Calling bootstrap method startup on websensehelper@mozilla.org version 1.0
1516297061508	addons.manager	DEBUG	Registering shutdown blocker for XPIProvider
1516297061508	addons.manager	DEBUG	Provider finished startup: XPIProvider
1516297061508	addons.manager	DEBUG	Starting provider: LightweightThemeManager
1516297061509	addons.manager	DEBUG	Registering shutdown blocker for LightweightThemeManager
1516297061509	addons.manager	DEBUG	Provider finished startup: LightweightThemeManager
1516297061510	addons.manager	DEBUG	Starting provider: GMPProvider
1516297061526	addons.manager	DEBUG	Registering shutdown blocker for GMPProvider
1516297061526	addons.manager	DEBUG	Provider finished startup: GMPProvider
1516297061527	addons.manager	DEBUG	Starting provider: PluginProvider
1516297061527	addons.manager	DEBUG	Registering shutdown blocker for PluginProvider
1516297061532	addons.manager	DEBUG	Provider finished startup: PluginProvider
1516297061533	addons.manager	DEBUG	Completed startup sequence
1516297063278	addons.manager	DEBUG	Starting provider: <unnamed-provider>
1516297063278	addons.manager	DEBUG	Registering shutdown blocker for <unnamed-provider>
1516297063279	addons.manager	DEBUG	Provider finished startup: <unnamed-provider>
1516297063890	DeferredSave.extensions.json	DEBUG	Write succeeded
1516297063891	addons.xpi-utils	DEBUG	XPI Database saved, setting schema version preference to 17
1516297063891	DeferredSave.extensions.json	DEBUG	Starting timer
1516297063917	DeferredSave.extensions.json	DEBUG	Starting write
1516297063951	addons.repository	DEBUG	No addons.json found.
1516297063952	DeferredSave.addons.json	DEBUG	Save changes
1516297063960	DeferredSave.addons.json	DEBUG	Starting timer
1516297064150	addons.manager	DEBUG	Starting provider: PreviousExperimentProvider
1516297064150	addons.manager	DEBUG	Registering shutdown blocker for PreviousExperimentProvider
1516297064151	addons.manager	DEBUG	Provider finished startup: PreviousExperimentProvider
1516297064164	DeferredSave.addons.json	DEBUG	Starting write
1516297064175	DeferredSave.extensions.json	DEBUG	Write succeeded
1516297064231	DeferredSave.addons.json	DEBUG	Write succeeded

Build info: version: '2.53.0', revision: '35ae25b', time: '2016-03-15 16:57:40'
System info: host: 'Ashitosh_Lappy', ip: '192.168.60.1', os.name: 'Windows 8', os.arch: 'amd64', os.version: '6.2', java.version: '1.8.0_77'
Driver info: driver.version: FirefoxDriver]]>
            </message>
            <full-stacktrace>
              <![CDATA[org.openqa.selenium.WebDriverException: Failed to connect to binary FirefoxBinary(C:\Program Files (x86)\Mozilla Firefox\firefox.exe) on port 7055; process output follows: 
,"contributors":["Mozilla Contributors"]},"visible":true,"active":true,"userDisabled":false,"appDisabled":false,"descriptor":"C:\\Program Files (x86)\\Mozilla Firefox\\browser\\extensions\\{972ce4c6-7e08-4474-a285-3208198ce6fd}.xpi","installDate":1478270500639,"updateDate":1478270500639,"applyBackgroundUpdates":1,"skinnable":true,"size":22012,"sourceURI":null,"releaseNotesURI":null,"softDisabled":false,"foreignInstall":false,"hasBinaryComponents":false,"strictCompatibility":true,"locales":[],"targetApplications":[{"id":"{ec8030f7-c20a-464f-9b0e-13a3a9e97384}","minVersion":"47.0.2","maxVersion":"47.0.2"}],"targetPlatforms":[],"seen":true}
1516297061427	addons.xpi	DEBUG	getModTime: Recursive scan of {972ce4c6-7e08-4474-a285-3208198ce6fd}
1516297061431	DeferredSave.extensions.json	DEBUG	Save changes
1516297061431	addons.xpi	DEBUG	Updating database with changes to installed add-ons
1516297061431	addons.xpi-utils	DEBUG	Updating add-on states
1516297061435	addons.xpi-utils	DEBUG	Writing add-ons list
1516297061447	addons.xpi	DEBUG	Registering manifest for C:\Program Files (x86)\Mozilla Firefox\browser\features\e10srollout@mozilla.org.xpi
1516297061448	addons.xpi	DEBUG	Calling bootstrap method startup on e10srollout@mozilla.org version 1.0
1516297061448	addons.xpi	DEBUG	Registering manifest for C:\Program Files (x86)\Mozilla Firefox\browser\features\firefox@getpocket.com.xpi
1516297061449	addons.xpi	DEBUG	Calling bootstrap method startup on firefox@getpocket.com version 1.0.2
1516297061451	addons.xpi	DEBUG	Registering manifest for C:\Program Files (x86)\Mozilla Firefox\browser\features\loop@mozilla.org.xpi
1516297061453	addons.xpi	DEBUG	Calling bootstrap method startup on loop@mozilla.org version 1.3.2
1516297061500	addons.xpi	DEBUG	Registering manifest for C:\Program Files (x86)\Mozilla Firefox\browser\features\websensehelper@mozilla.org.xpi
1516297061501	addons.xpi	DEBUG	Calling bootstrap method startup on websensehelper@mozilla.org version 1.0
1516297061508	addons.manager	DEBUG	Registering shutdown blocker for XPIProvider
1516297061508	addons.manager	DEBUG	Provider finished startup: XPIProvider
1516297061508	addons.manager	DEBUG	Starting provider: LightweightThemeManager
1516297061509	addons.manager	DEBUG	Registering shutdown blocker for LightweightThemeManager
1516297061509	addons.manager	DEBUG	Provider finished startup: LightweightThemeManager
1516297061510	addons.manager	DEBUG	Starting provider: GMPProvider
1516297061526	addons.manager	DEBUG	Registering shutdown blocker for GMPProvider
1516297061526	addons.manager	DEBUG	Provider finished startup: GMPProvider
1516297061527	addons.manager	DEBUG	Starting provider: PluginProvider
1516297061527	addons.manager	DEBUG	Registering shutdown blocker for PluginProvider
1516297061532	addons.manager	DEBUG	Provider finished startup: PluginProvider
1516297061533	addons.manager	DEBUG	Completed startup sequence
1516297063278	addons.manager	DEBUG	Starting provider: <unnamed-provider>
1516297063278	addons.manager	DEBUG	Registering shutdown blocker for <unnamed-provider>
1516297063279	addons.manager	DEBUG	Provider finished startup: <unnamed-provider>
1516297063890	DeferredSave.extensions.json	DEBUG	Write succeeded
1516297063891	addons.xpi-utils	DEBUG	XPI Database saved, setting schema version preference to 17
1516297063891	DeferredSave.extensions.json	DEBUG	Starting timer
1516297063917	DeferredSave.extensions.json	DEBUG	Starting write
1516297063951	addons.repository	DEBUG	No addons.json found.
1516297063952	DeferredSave.addons.json	DEBUG	Save changes
1516297063960	DeferredSave.addons.json	DEBUG	Starting timer
1516297064150	addons.manager	DEBUG	Starting provider: PreviousExperimentProvider
1516297064150	addons.manager	DEBUG	Registering shutdown blocker for PreviousExperimentProvider
1516297064151	addons.manager	DEBUG	Provider finished startup: PreviousExperimentProvider
1516297064164	DeferredSave.addons.json	DEBUG	Starting write
1516297064175	DeferredSave.extensions.json	DEBUG	Write succeeded
1516297064231	DeferredSave.addons.json	DEBUG	Write succeeded

Build info: version: '2.53.0', revision: '35ae25b', time: '2016-03-15 16:57:40'
System info: host: 'Ashitosh_Lappy', ip: '192.168.60.1', os.name: 'Windows 8', os.arch: 'amd64', os.version: '6.2', java.version: '1.8.0_77'
Driver info: driver.version: FirefoxDriver
	at org.openqa.selenium.firefox.internal.NewProfileExtensionConnection.start(NewProfileExtensionConnection.java:124)
	at org.openqa.selenium.firefox.FirefoxDriver.startClient(FirefoxDriver.java:271)
	at org.openqa.selenium.remote.RemoteWebDriver.<init>(RemoteWebDriver.java:119)
	at org.openqa.selenium.firefox.FirefoxDriver.<init>(FirefoxDriver.java:218)
	at org.openqa.selenium.firefox.FirefoxDriver.<init>(FirefoxDriver.java:211)
	at org.openqa.selenium.firefox.FirefoxDriver.<init>(FirefoxDriver.java:207)
	at org.openqa.selenium.firefox.FirefoxDriver.<init>(FirefoxDriver.java:120)
	at TestScript.Main_Test.beforeClass(Main_Test.java:41)
	at sun.reflect.NativeMethodAccessorImpl.invoke0(Native Method)
	at sun.reflect.NativeMethodAccessorImpl.invoke(Unknown Source)
	at sun.reflect.DelegatingMethodAccessorImpl.invoke(Unknown Source)
	at java.lang.reflect.Method.invoke(Unknown Source)
	at org.testng.internal.MethodInvocationHelper.invokeMethod(MethodInvocationHelper.java:85)
	at org.testng.internal.Invoker.invokeConfigurationMethod(Invoker.java:510)
	at org.testng.internal.Invoker.invokeConfigurations(Invoker.java:211)
	at org.testng.internal.Invoker.invokeConfigurations(Invoker.java:138)
	at org.testng.TestRunner.beforeRun(TestRunner.java:648)
	at org.testng.TestRunner.run(TestRunner.java:616)
	at org.testng.SuiteRunner.runTest(SuiteRunner.java:359)
	at org.testng.SuiteRunner.runSequentially(SuiteRunner.java:354)
	at org.testng.SuiteRunner.privateRun(SuiteRunner.java:312)
	at org.testng.SuiteRunner.run(SuiteRunner.java:261)
	at org.testng.SuiteRunnerWorker.runSuite(SuiteRunnerWorker.java:52)
	at org.testng.SuiteRunnerWorker.run(SuiteRunnerWorker.java:86)
	at org.testng.TestNG.runSuitesSequentially(TestNG.java:1215)
	at org.testng.TestNG.runSuitesLocally(TestNG.java:1140)
	at org.testng.TestNG.run(TestNG.java:1048)
	at org.testng.remote.AbstractRemoteTestNG.run(AbstractRemoteTestNG.java:126)
	at org.testng.remote.RemoteTestNG.initAndRun(RemoteTestNG.java:137)
	at org.testng.remote.RemoteTestNG.main(RemoteTestNG.java:58)
Caused by: org.openqa.selenium.firefox.NotConnectedException: Unable to connect to host 127.0.0.1 on port 7055 after 45000 ms. Firefox console output:
,"contributors":["Mozilla Contributors"]},"visible":true,"active":true,"userDisabled":false,"appDisabled":false,"descriptor":"C:\\Program Files (x86)\\Mozilla Firefox\\browser\\extensions\\{972ce4c6-7e08-4474-a285-3208198ce6fd}.xpi","installDate":1478270500639,"updateDate":1478270500639,"applyBackgroundUpdates":1,"skinnable":true,"size":22012,"sourceURI":null,"releaseNotesURI":null,"softDisabled":false,"foreignInstall":false,"hasBinaryComponents":false,"strictCompatibility":true,"locales":[],"targetApplications":[{"id":"{ec8030f7-c20a-464f-9b0e-13a3a9e97384}","minVersion":"47.0.2","maxVersion":"47.0.2"}],"targetPlatforms":[],"seen":true}
1516297061427	addons.xpi	DEBUG	getModTime: Recursive scan of {972ce4c6-7e08-4474-a285-3208198ce6fd}
1516297061431	DeferredSave.extensions.json	DEBUG	Save changes
1516297061431	addons.xpi	DEBUG	Updating database with changes to installed add-ons
1516297061431	addons.xpi-utils	DEBUG	Updating add-on states
1516297061435	addons.xpi-utils	DEBUG	Writing add-ons list
1516297061447	addons.xpi	DEBUG	Registering manifest for C:\Program Files (x86)\Mozilla Firefox\browser\features\e10srollout@mozilla.org.xpi
1516297061448	addons.xpi	DEBUG	Calling bootstrap method startup on e10srollout@mozilla.org version 1.0
1516297061448	addons.xpi	DEBUG	Registering manifest for C:\Program Files (x86)\Mozilla Firefox\browser\features\firefox@getpocket.com.xpi
1516297061449	addons.xpi	DEBUG	Calling bootstrap method startup on firefox@getpocket.com version 1.0.2
1516297061451	addons.xpi	DEBUG	Registering manifest for C:\Program Files (x86)\Mozilla Firefox\browser\features\loop@mozilla.org.xpi
1516297061453	addons.xpi	DEBUG	Calling bootstrap method startup on loop@mozilla.org version 1.3.2
1516297061500	addons.xpi	DEBUG	Registering manifest for C:\Program Files (x86)\Mozilla Firefox\browser\features\websensehelper@mozilla.org.xpi
1516297061501	addons.xpi	DEBUG	Calling bootstrap method startup on websensehelper@mozilla.org version 1.0
1516297061508	addons.manager	DEBUG	Registering shutdown blocker for XPIProvider
1516297061508	addons.manager	DEBUG	Provider finished startup: XPIProvider
1516297061508	addons.manager	DEBUG	Starting provider: LightweightThemeManager
1516297061509	addons.manager	DEBUG	Registering shutdown blocker for LightweightThemeManager
1516297061509	addons.manager	DEBUG	Provider finished startup: LightweightThemeManager
1516297061510	addons.manager	DEBUG	Starting provider: GMPProvider
1516297061526	addons.manager	DEBUG	Registering shutdown blocker for GMPProvider
1516297061526	addons.manager	DEBUG	Provider finished startup: GMPProvider
1516297061527	addons.manager	DEBUG	Starting provider: PluginProvider
1516297061527	addons.manager	DEBUG	Registering shutdown blocker for PluginProvider
1516297061532	addons.manager	DEBUG	Provider finished startup: PluginProvider
1516297061533	addons.manager	DEBUG	Completed startup sequence
1516297063278	addons.manager	DEBUG	Starting provider: <unnamed-provider>
1516297063278	addons.manager	DEBUG	Registering shutdown blocker for <unnamed-provider>
1516297063279	addons.manager	DEBUG	Provider finished startup: <unnamed-provider>
1516297063890	DeferredSave.extensions.json	DEBUG	Write succeeded
1516297063891	addons.xpi-utils	DEBUG	XPI Database saved, setting schema version preference to 17
1516297063891	DeferredSave.extensions.json	DEBUG	Starting timer
1516297063917	DeferredSave.extensions.json	DEBUG	Starting write
1516297063951	addons.repository	DEBUG	No addons.json found.
1516297063952	DeferredSave.addons.json	DEBUG	Save changes
1516297063960	DeferredSave.addons.json	DEBUG	Starting timer
1516297064150	addons.manager	DEBUG	Starting provider: PreviousExperimentProvider
1516297064150	addons.manager	DEBUG	Registering shutdown blocker for PreviousExperimentProvider
1516297064151	addons.manager	DEBUG	Provider finished startup: PreviousExperimentProvider
1516297064164	DeferredSave.addons.json	DEBUG	Starting write
1516297064175	DeferredSave.extensions.json	DEBUG	Write succeeded
1516297064231	DeferredSave.addons.json	DEBUG	Write succeeded

	at org.openqa.selenium.firefox.internal.NewProfileExtensionConnection.start(NewProfileExtensionConnection.java:112)
	... 29 more
]]>
            </full-stacktrace>
          </exception> <!-- org.openqa.selenium.WebDriverException -->
          <reporter-output>
          </reporter-output>
        </test-method> <!-- beforeClass -->
        <test-method status="SKIP" signature="POM_Test()[pri:0, instance:TestScript.Main_Test@14acaea5]" name="POM_Test" duration-ms="10" started-at="2018-01-18T23:08:25Z" finished-at="2018-01-18T23:08:25Z">
          <reporter-output>
          </reporter-output>
        </test-method> <!-- POM_Test -->
        <test-method status="SKIP" signature="afterClass()[pri:0, instance:TestScript.Main_Test@14acaea5]" name="afterClass" is-config="true" duration-ms="0" started-at="2018-01-18T23:08:25Z" finished-at="2018-01-18T23:08:25Z">
          <reporter-output>
          </reporter-output>
        </test-method> <!-- afterClass -->
      </class> <!-- TestScript.Main_Test -->
    </test> <!-- Default test -->
  </suite> <!-- Default suite -->
</testng-results>
